<?xml version="1.0" encoding="UTF-8"?>
<!-- Generated by org.testng.reporters.JUnitReportReporter -->
<testsuite skipped="0" hostname="DESKTOP-30U0P6A" name="sdet.appium.org.AppiumTestProject.LoginTest" tests="2" failures="0" timestamp="2020-09-23T12:48:26 IST" time="17.104" errors="0">
  <testcase name="verifyValidCredentialsTest" time="3.483" classname="sdet.appium.org.AppiumTestProject.LoginTest"/>
  <testcase name="verifyInvalidCredentialsTest" time="13.621" classname="sdet.appium.org.AppiumTestProject.LoginTest"/>
</testsuite> <!-- sdet.appium.org.AppiumTestProject.LoginTest -->
