<?xml version="1.0" encoding="UTF-8"?>
<!-- Generated by org.testng.reporters.JUnitReportReporter -->
<testsuite skipped="0" hostname="DESKTOP-30U0P6A" name="sdet.appium.org.AppiumTestProject.AddNoteWithReminder" tests="1" failures="0" timestamp="2020-09-23T12:48:26 IST" time="12.160" errors="0">
  <testcase name="CreateNewNoteAndVerify" time="12.160" classname="sdet.appium.org.AppiumTestProject.AddNoteWithReminder"/>
</testsuite> <!-- sdet.appium.org.AppiumTestProject.AddNoteWithReminder -->
