<?xml version="1.0" encoding="UTF-8"?>
<!-- Generated by org.testng.reporters.JUnitReportReporter -->
<testsuite skipped="0" hostname="DESKTOP-30U0P6A" name="sdet.appium.org.AppiumTestProject.LoginTestUsingPopUps" tests="2" failures="0" timestamp="2020-09-23T12:48:26 IST" time="23.747" errors="0">
  <testcase name="verifyInvalidCredentialsTest" time="16.944" classname="sdet.appium.org.AppiumTestProject.LoginTestUsingPopUps"/>
  <testcase name="verifyValidCredentialsTest" time="6.803" classname="sdet.appium.org.AppiumTestProject.LoginTestUsingPopUps"/>
</testsuite> <!-- sdet.appium.org.AppiumTestProject.LoginTestUsingPopUps -->
