<?xml version="1.0" encoding="UTF-8"?>
<!-- Generated by org.testng.reporters.JUnitReportReporter -->
<testsuite skipped="0" hostname="DESKTOP-30U0P6A" name="sdet.appium.org.AppiumTestProject.CreateAddTask" tests="1" failures="0" timestamp="2020-09-21T12:47:26 IST" time="1.455" errors="0">
  <testcase name="scrollIntoViewTest" time="1.455" classname="sdet.appium.org.AppiumTestProject.CreateAddTask"/>
</testsuite> <!-- sdet.appium.org.AppiumTestProject.CreateAddTask -->
